2025-10-18 19:11:29,101 - src.index - INFO - Logging to file: logs\index.log
2025-10-18 19:12:52,406 - src.index - INFO - Found 10 files to process
2025-10-18 19:12:58,659 - src.index - INFO - Found 10 files to process
2025-10-18 19:21:19,049 - src.index - INFO - Found 10 files to process
2025-10-18 19:21:51,190 - src.index - INFO - Logging to file: logs\index.log
2025-10-18 19:21:51,250 - src.index - INFO - Found 10 files to process
2025-10-18 19:22:03,769 - src.index - INFO - Processing ..\private-test-input\attention.pdf...
2025-10-18 19:23:00,968 - src.index - INFO - Processing ..\private-test-input\Public001.pdf...
2025-10-18 19:23:07,257 - src.index - INFO - Processing ..\private-test-input\Public002.pdf...
2025-10-18 19:23:11,348 - src.index - INFO - Processing ..\private-test-input\Public003.pdf...
2025-10-18 19:23:28,705 - src.index - INFO - Processing ..\private-test-input\Public004.pdf...
2025-10-18 19:23:31,351 - src.index - INFO - Processing ..\private-test-input\Public005.pdf...
2025-10-18 19:23:34,565 - src.index - INFO - Processing ..\private-test-input\Public040.pdf...
2025-10-18 19:24:35,762 - src.index - INFO - Processing ..\private-test-input\Public043.pdf...
2025-10-18 19:25:57,711 - src.index - INFO - Processing ..\private-test-input\Public048.pdf...
2025-10-18 19:27:37,288 - src.index - INFO - Processing ..\private-test-input\Public051.pdf...
2025-10-18 19:27:42,317 - src.index - INFO - Indexing 298 documents...
2025-10-18 19:40:03,058 - src.index - INFO - Found 10 files to process
2025-10-18 19:40:12,021 - src.index - INFO - Processing ..\private-test-input\attention.pdf...
2025-10-18 19:40:49,120 - src.index - INFO - Processing ..\private-test-input\Public001.pdf...
2025-10-18 19:40:55,281 - src.index - INFO - Processing ..\private-test-input\Public002.pdf...
2025-10-18 19:40:59,454 - src.index - INFO - Processing ..\private-test-input\Public003.pdf...
2025-10-18 19:41:12,075 - src.index - INFO - Processing ..\private-test-input\Public004.pdf...
2025-10-18 19:41:15,237 - src.index - INFO - Processing ..\private-test-input\Public005.pdf...
2025-10-18 19:41:18,774 - src.index - INFO - Processing ..\private-test-input\Public040.pdf...
2025-10-18 19:42:27,096 - src.index - INFO - Processing ..\private-test-input\Public043.pdf...
2025-10-18 19:44:01,999 - src.index - INFO - Processing ..\private-test-input\Public048.pdf...
2025-10-18 19:45:25,307 - src.index - INFO - Processing ..\private-test-input\Public051.pdf...
2025-10-18 19:45:36,133 - src.index - INFO - Indexing 297 documents...
